<?xml version="1.0" encoding="UTF-8"?>
<testng-results ignored="0" total="1" passed="1" failed="0" skipped="0">
  <reporter-output>
  </reporter-output>
  <suite started-at="2022-11-11T17:10:44 IST" name="Default suite" finished-at="2022-11-11T17:11:05 IST" duration-ms="20268">
    <groups>
    </groups>
    <test started-at="2022-11-11T17:10:44 IST" name="Default test" finished-at="2022-11-11T17:11:05 IST" duration-ms="20268">
      <class name="PuneethChidura.ExtentReports.ExtentReportsDemo">
        <test-method is-config="true" signature="config()[pri:0, instance:PuneethChidura.ExtentReports.ExtentReportsDemo@12d4bf7e]" started-at="2022-11-11T17:10:44 IST" name="config" finished-at="2022-11-11T17:10:45 IST" duration-ms="211" status="PASS">
          <reporter-output>
          </reporter-output>
        </test-method> <!-- config -->
        <test-method signature="initialDemo()[pri:0, instance:PuneethChidura.ExtentReports.ExtentReportsDemo@12d4bf7e]" started-at="2022-11-11T17:10:45 IST" name="initialDemo" finished-at="2022-11-11T17:11:05 IST" duration-ms="20033" status="PASS">
          <reporter-output>
          </reporter-output>
        </test-method> <!-- initialDemo -->
      </class> <!-- PuneethChidura.ExtentReports.ExtentReportsDemo -->
    </test> <!-- Default test -->
  </suite> <!-- Default suite -->
</testng-results>
