<?xml version="1.0" encoding="UTF-8"?>
<!-- Generated by org.testng.reporters.JUnitXMLReporter -->
<testsuite ignored="1" hostname="AIPL5658LT12679" failures="0" tests="1" name="Default test" time="5.416" errors="0" timestamp="12 Nov 2022 03:16:59 GMT">
  <testcase classname="PuneethChidura.SeleniumFrameworkDesign.tests.ErrorValidationTest" name="loginErrorValidation" time="0.518"/>
  <testcase classname="PuneethChidura.SeleniumFrameworkDesign.tests.ErrorValidationTest" name="productErrorValidation" time="0.0">
    <ignored/>
  </testcase> <!-- productErrorValidation -->
</testsuite> <!-- Default test -->
