<?xml version="1.0" encoding="UTF-8"?>
<!-- Generated by org.testng.reporters.JUnitXMLReporter -->
<testsuite ignored="0" hostname="LAPTOP-PVOMVT89" failures="0" tests="3" name="Default test" time="47.275" errors="0" timestamp="15 Nov 2022 08:10:11 GMT">
  <testcase classname="PuneethChidura.SeleniumFrameworkDesign.tests.SubmitOrderTest" name="submitOrder" time="5.267"/>
  <testcase classname="PuneethChidura.SeleniumFrameworkDesign.tests.SubmitOrderTest" name="submitOrder" time="16.03"/>
  <testcase classname="PuneethChidura.SeleniumFrameworkDesign.tests.SubmitOrderTest" name="orderHistoryTest" time="1.223"/>
</testsuite> <!-- Default test -->
